<?xml version="1.0" encoding="UTF-8"?>
<testng-results ignored="0" total="5" passed="4" failed="1" skipped="0">
  <reporter-output>
  </reporter-output>
  <suite started-at="2025-04-13T12:22:05 IST" name="Default suite" finished-at="2025-04-13T12:23:23 IST" duration-ms="77926">
    <groups>
    </groups>
    <test started-at="2025-04-13T12:22:05 IST" name="Default test" finished-at="2025-04-13T12:23:23 IST" duration-ms="77926">
      <class name="testrunner.LoginPage_Runner">
        <test-method is-config="true" signature="setup()[pri:0, instance:testrunner.LoginPage_Runner@34129c78]" started-at="2025-04-13T12:22:06 IST" name="setup" finished-at="2025-04-13T12:22:12 IST" duration-ms="6950" status="PASS">
          <reporter-output>
          </reporter-output>
        </test-method> <!-- setup -->
        <test-method signature="testLoginWithValidCreds()[pri:1, instance:testrunner.LoginPage_Runner@34129c78]" started-at="2025-04-13T12:22:13 IST" name="testLoginWithValidCreds" description="User gives valid credentials and login is successful" finished-at="2025-04-13T12:22:19 IST" duration-ms="6591" status="PASS">
          <reporter-output>
          </reporter-output>
        </test-method> <!-- testLoginWithValidCreds -->
        <test-method is-config="true" signature="closeWeb()[pri:0, instance:testrunner.LoginPage_Runner@34129c78]" started-at="2025-04-13T12:22:19 IST" name="closeWeb" finished-at="2025-04-13T12:22:25 IST" duration-ms="5773" status="PASS">
          <reporter-output>
          </reporter-output>
        </test-method> <!-- closeWeb -->
        <test-method is-config="true" signature="setup()[pri:0, instance:testrunner.LoginPage_Runner@34129c78]" started-at="2025-04-13T12:22:25 IST" name="setup" finished-at="2025-04-13T12:22:30 IST" duration-ms="4882" status="PASS">
          <reporter-output>
          </reporter-output>
        </test-method> <!-- setup -->
        <test-method signature="testLoginWithInvalidCreds()[pri:2, instance:testrunner.LoginPage_Runner@34129c78]" started-at="2025-04-13T12:22:30 IST" name="testLoginWithInvalidCreds" description="User gives incorrect credentials and login fails" finished-at="2025-04-13T12:22:31 IST" duration-ms="853" status="PASS">
          <reporter-output>
          </reporter-output>
        </test-method> <!-- testLoginWithInvalidCreds -->
        <test-method is-config="true" signature="closeWeb()[pri:0, instance:testrunner.LoginPage_Runner@34129c78]" started-at="2025-04-13T12:22:31 IST" name="closeWeb" finished-at="2025-04-13T12:22:37 IST" duration-ms="5903" status="PASS">
          <reporter-output>
          </reporter-output>
        </test-method> <!-- closeWeb -->
        <test-method is-config="true" signature="setup()[pri:0, instance:testrunner.LoginPage_Runner@34129c78]" started-at="2025-04-13T12:22:37 IST" name="setup" finished-at="2025-04-13T12:22:39 IST" duration-ms="2757" status="PASS">
          <reporter-output>
          </reporter-output>
        </test-method> <!-- setup -->
        <test-method signature="testLogOutButton()[pri:3, instance:testrunner.LoginPage_Runner@34129c78]" started-at="2025-04-13T12:22:39 IST" name="testLogOutButton" description="logout button displayed" finished-at="2025-04-13T12:22:46 IST" duration-ms="6285" status="PASS">
          <reporter-output>
          </reporter-output>
        </test-method> <!-- testLogOutButton -->
        <test-method is-config="true" signature="closeWeb()[pri:0, instance:testrunner.LoginPage_Runner@34129c78]" started-at="2025-04-13T12:22:46 IST" name="closeWeb" finished-at="2025-04-13T12:22:51 IST" duration-ms="5666" status="PASS">
          <reporter-output>
          </reporter-output>
        </test-method> <!-- closeWeb -->
        <test-method is-config="true" signature="setup()[pri:0, instance:testrunner.LoginPage_Runner@34129c78]" started-at="2025-04-13T12:22:51 IST" name="setup" finished-at="2025-04-13T12:22:54 IST" duration-ms="2772" status="PASS">
          <reporter-output>
          </reporter-output>
        </test-method> <!-- setup -->
        <test-method signature="testLogOut()[pri:4, instance:testrunner.LoginPage_Runner@34129c78]" started-at="2025-04-13T12:22:54 IST" name="testLogOut" description="User able to logout" finished-at="2025-04-13T12:23:01 IST" duration-ms="6785" status="PASS">
          <reporter-output>
          </reporter-output>
        </test-method> <!-- testLogOut -->
        <test-method is-config="true" signature="closeWeb()[pri:0, instance:testrunner.LoginPage_Runner@34129c78]" started-at="2025-04-13T12:23:01 IST" name="closeWeb" finished-at="2025-04-13T12:23:07 IST" duration-ms="5801" status="PASS">
          <reporter-output>
          </reporter-output>
        </test-method> <!-- closeWeb -->
        <test-method is-config="true" signature="setup()[pri:0, instance:testrunner.LoginPage_Runner@34129c78]" started-at="2025-04-13T12:23:07 IST" name="setup" finished-at="2025-04-13T12:23:12 IST" duration-ms="4732" status="PASS">
          <reporter-output>
          </reporter-output>
        </test-method> <!-- setup -->
        <test-method signature="testEmptyUserCred()[pri:5, instance:testrunner.LoginPage_Runner@34129c78]" started-at="2025-04-13T12:23:12 IST" name="testEmptyUserCred" description="empty user cred" finished-at="2025-04-13T12:23:18 IST" duration-ms="5960" status="FAIL">
          <exception class="java.lang.AssertionError">
            <message>
              <![CDATA[The following asserts failed:
Login should fail with empty credentials! expected [false] but found [true]]]>
            </message>
            <full-stacktrace>
              <![CDATA[java.lang.AssertionError: The following asserts failed:
Login should fail with empty credentials! expected [false] but found [true]
at org.testng.asserts.SoftAssert.assertAll(SoftAssert.java:46)
at org.testng.asserts.SoftAssert.assertAll(SoftAssert.java:30)
at testrunner.LoginPage_Runner.testEmptyUserCred(LoginPage_Runner.java:123)
at java.base/jdk.internal.reflect.DirectMethodHandleAccessor.invoke(DirectMethodHandleAccessor.java:104)
at java.base/java.lang.reflect.Method.invoke(Method.java:578)
at org.testng.internal.invokers.MethodInvocationHelper.invokeMethod(MethodInvocationHelper.java:141)
at org.testng.internal.invokers.TestInvoker.invokeMethod(TestInvoker.java:686)
at org.testng.internal.invokers.TestInvoker.invokeTestMethod(TestInvoker.java:230)
at org.testng.internal.invokers.MethodRunner.runInSequence(MethodRunner.java:63)
at org.testng.internal.invokers.TestInvoker$MethodInvocationAgent.invoke(TestInvoker.java:992)
at org.testng.internal.invokers.TestInvoker.invokeTestMethods(TestInvoker.java:203)
at org.testng.internal.invokers.TestMethodWorker.invokeTestMethods(TestMethodWorker.java:154)
at org.testng.internal.invokers.TestMethodWorker.run(TestMethodWorker.java:134)
at java.base/java.util.ArrayList.forEach(ArrayList.java:1511)
at org.testng.TestRunner.privateRun(TestRunner.java:739)
at org.testng.TestRunner.run(TestRunner.java:614)
at org.testng.SuiteRunner.runTest(SuiteRunner.java:421)
at org.testng.SuiteRunner.runSequentially(SuiteRunner.java:413)
at org.testng.SuiteRunner.privateRun(SuiteRunner.java:373)
at org.testng.SuiteRunner.run(SuiteRunner.java:312)
at org.testng.SuiteRunnerWorker.runSuite(SuiteRunnerWorker.java:52)
at org.testng.SuiteRunnerWorker.run(SuiteRunnerWorker.java:95)
at org.testng.TestNG.runSuitesSequentially(TestNG.java:1274)
at org.testng.TestNG.runSuitesLocally(TestNG.java:1208)
at org.testng.TestNG.runSuites(TestNG.java:1112)
at org.testng.TestNG.run(TestNG.java:1079)
at org.testng.remote.AbstractRemoteTestNG.run(AbstractRemoteTestNG.java:115)
at org.testng.remote.RemoteTestNG.initAndRun(RemoteTestNG.java:293)
at org.testng.remote.RemoteTestNG.main(RemoteTestNG.java:91)
]]>
            </full-stacktrace>
          </exception> <!-- java.lang.AssertionError -->
          <reporter-output>
          </reporter-output>
        </test-method> <!-- testEmptyUserCred -->
        <test-method is-config="true" signature="closeWeb()[pri:0, instance:testrunner.LoginPage_Runner@34129c78]" started-at="2025-04-13T12:23:18 IST" name="closeWeb" finished-at="2025-04-13T12:23:23 IST" duration-ms="5836" status="PASS">
          <reporter-output>
          </reporter-output>
        </test-method> <!-- closeWeb -->
      </class> <!-- testrunner.LoginPage_Runner -->
    </test> <!-- Default test -->
  </suite> <!-- Default suite -->
</testng-results>
